 ****** HSPICE -- O-2018.09-SP2 win64 (Feb 25 2019) ******                      
  Copyright (c) 1986 - 2021 by Synopsys, Inc. All Rights Reserved.              
  This software and the associated documentation are proprietary
  to Synopsys, Inc. This software may only be used in accordance
  with the terms and conditions of a written license agreement with
  Synopsys, Inc. All other use, reproduction, or distribution of
  this software is strictly prohibited.
  Input File: with_precharge.sp                                                 
  Command line options: C:\synopsys\Hspice_O-2018.09-SP2\WIN64\hspice.com -i with_precharge.sp -o D:\analogCMOS_lab\task4\with_precharge.lis
  Start time: Mon Dec 13 19:07:42 2021
  lic:  
  lic: FLEXlm: SDK_11.7.3 
  lic: USER:   Zz                   HOSTNAME: DESKTOP-GQBECKU 
  lic: HOSTID: d8bbc14f4b4b         PID:      14092 
  lic: Using FLEXlm license file: 
  lic: 27000@DESKTOP-GQBECKU 
  lic: Checkout 1 hspice 
  lic: License/Maintenance for hspice will expire on 30-dec-2029/2019.2019 
  lic: 1(in_use)/99(total) FLOATING license(s) on SERVER 27000@DESKTOP-GQBECKU 
  lic:   
  **info** (with_precharge.sp:12) DC voltage reset to initial transient source value in source 0:va. new dc=0.0000D+00
  
      

Element variations(Local):   element              parameter
 **info** set option symb=1 internally to help for convergence.
 *****************************************************************
 ******  option summary
 ******
 runlvl  = 3         bypass  = 2.0000    
 **info** dc convergence successful at Newton-Raphson method 
1****** HSPICE -- O-2018.09-SP2 win64 (Feb 25 2019) ******                      
 ******  
 

 ****** operating point information tnom=  25.000 temp=  25.000 ******
 ****** operating point status is voltage   simulation time is     0.     
    node    =voltage      node    =voltage      node    =voltage

 +0:a       =   0.      0:b       =   0.      0:clk     =   0.     
 +0:vdd     =   1.0000  0:x       = 999.9776m 0:y       = 999.9851m
 +0:z       =  37.9646m

 ******
 

 ****** transient analysis tnom=  25.000 temp=  25.000 ******
 thl=  16.0271n
 tlh=  20.0377n

          ***** job concluded
 ******  
 

 ****** job statistics summary tnom=  25.000 temp=  25.000 ******

  ******  HSPICE Threads Information  ******

  Command Line Threads Count :     1
  Available CPU Count        :    12
  Actual Threads Count       :     1


  ******  Circuit Statistics  ******
  # nodes       =      28 # elements   =      10
  # resistors   =       0 # capacitors =       1 # inductors   =       0
  # mutual_inds =       0 # vccs       =       0 # vcvs        =       0
  # cccs        =       0 # ccvs       =       0 # volt_srcs   =       4
  # curr_srcs   =       0 # diodes     =       0 # bjts        =       0
  # jfets       =       0 # mosfets    =       5 # U elements  =       0
  # T elements  =       0 # W elements =       0 # B elements  =       0
  # S elements  =       0 # P elements =       0 # va device   =       0
  # vector_srcs =       0 # N elements =       0


  ******  Runtime Statistics (seconds)  ******

  analysis           time    # points   tot. iter  conv.iter
  op point           0.00           1          16
  transient          0.00       25001         469         202 rev=        20
  readin             0.00
  errchk             0.00
  setup              0.00
  output             0.00


           peak memory used         60.59 megabytes
           total cpu time            0.01 seconds
           total elapsed time        0.03 seconds
           job started at     19:07:42 12/13/2021
           job ended   at     19:07:42 12/13/2021


  lic: Release hspice token(s) 
 lic: total license checkout elapse time:        0.01(s)
